

*******************************************************************************
Thu Feb  9 18:34:54 2017


FIT:    data read from "plotfile_clean.dat" using 1:2
        format = x:z
        #datapoints = 3
        residuals are weighted equally (unit weight)

function used for fitting: f(x)
fitted parameters initialized with current variable values



 Iteration 0
 WSSR        : 2.51311           delta(WSSR)/WSSR   : 0
 delta(WSSR) : 0                 limit for stopping : 1e-05
 lambda	  : 0.707166

initial set of free parameter values

a               = 1
b               = 1

After 6 iterations the fit converged.
final sum of squares of residuals : 3.08091e-08
rel. change during last iteration : -1.27224e-11

degrees of freedom    (FIT_NDF)                        : 1
rms of residuals      (FIT_STDFIT) = sqrt(WSSR/ndf)    : 0.000175525
variance of residuals (reduced chisquare) = WSSR/ndf   : 3.08091e-08

Final set of parameters            Asymptotic Standard Error
=======================            ==========================

a               = 4.67744          +/- 0.01241      (0.2653%)
b               = 0.0484574        +/- 0.0001602    (0.3307%)


correlation matrix of the fit parameters:

               a      b      
a               1.000 
b              -0.775  1.000 
