

*******************************************************************************
Thu Feb  9 18:45:14 2017


FIT:    data read from "plotfile_clean.dat" using 1:2
        format = x:z
        #datapoints = 4
        residuals are weighted equally (unit weight)

function used for fitting: f(x)
fitted parameters initialized with current variable values



 Iteration 0
 WSSR        : 3.46595           delta(WSSR)/WSSR   : 0
 delta(WSSR) : 0                 limit for stopping : 1e-05
 lambda	  : 0.710194

initial set of free parameter values

a               = 1
b               = 1

After 4 iterations the fit converged.
final sum of squares of residuals : 0.000169671
rel. change during last iteration : -6.63618e-06

degrees of freedom    (FIT_NDF)                        : 2
rms of residuals      (FIT_STDFIT) = sqrt(WSSR/ndf)    : 0.00921062
variance of residuals (reduced chisquare) = WSSR/ndf   : 8.48355e-05

Final set of parameters            Asymptotic Standard Error
=======================            ==========================

a               = 1.19399          +/- 0.08238      (6.9%)
b               = 0.0546837        +/- 0.007706     (14.09%)


correlation matrix of the fit parameters:

               a      b      
a               1.000 
b              -0.802  1.000 
