

*******************************************************************************
Fri Feb 10 12:48:44 2017


FIT:    data read from "p0.1_at0.05/plotfile_clean.dat" using 1:2
        format = x:z
        #datapoints = 5
        residuals are weighted equally (unit weight)

function used for fitting: f(x)
fitted parameters initialized with current variable values



 Iteration 0
 WSSR        : 4.21706           delta(WSSR)/WSSR   : 0
 delta(WSSR) : 0                 limit for stopping : 1e-05
 lambda	  : 0.70716

initial set of free parameter values

a               = 1
b               = 1

After 5 iterations the fit converged.
final sum of squares of residuals : 0.000156519
rel. change during last iteration : -1.86505e-06

degrees of freedom    (FIT_NDF)                        : 3
rms of residuals      (FIT_STDFIT) = sqrt(WSSR/ndf)    : 0.0072231
variance of residuals (reduced chisquare) = WSSR/ndf   : 5.21731e-05

Final set of parameters            Asymptotic Standard Error
=======================            ==========================

a               = 4.40158          +/- 0.4568       (10.38%)
b               = 0.047942         +/- 0.005595     (11.67%)


correlation matrix of the fit parameters:

               a      b      
a               1.000 
b              -0.816  1.000 


*******************************************************************************
Fri Feb 10 12:48:53 2017


FIT:    data read from "p0.1_at0.1/plotfile_clean.dat" using 1:2
        format = x:z
        #datapoints = 5
        residuals are weighted equally (unit weight)

function used for fitting: g(x)
fitted parameters initialized with current variable values



 Iteration 0
 WSSR        : 3.77409           delta(WSSR)/WSSR   : 0
 delta(WSSR) : 0                 limit for stopping : 1e-05
 lambda	  : 0.70716

initial set of free parameter values

c               = 1
d               = 1

After 5 iterations the fit converged.
final sum of squares of residuals : 0.000926391
rel. change during last iteration : -6.13599e-07

degrees of freedom    (FIT_NDF)                        : 3
rms of residuals      (FIT_STDFIT) = sqrt(WSSR/ndf)    : 0.0175726
variance of residuals (reduced chisquare) = WSSR/ndf   : 0.000308797

Final set of parameters            Asymptotic Standard Error
=======================            ==========================

c               = 5.75082          +/- 1.111        (19.33%)
d               = 0.0844456        +/- 0.01361      (16.12%)


correlation matrix of the fit parameters:

               c      d      
c               1.000 
d              -0.816  1.000 


*******************************************************************************
Fri Feb 10 12:52:01 2017


FIT:    data read from "p0.1_at0.05/plotfile_clean.dat" using 1:2
        format = x:z
        #datapoints = 5
        residuals are weighted equally (unit weight)

function used for fitting: f(x)


*******************************************************************************
Fri Feb 10 12:52:09 2017


FIT:    data read from "p0.1_at0.05/plotfile_clean.dat" using 1:2
        format = x:z
        #datapoints = 5
        residuals are weighted equally (unit weight)

function used for fitting: f(x)
fitted parameters initialized with current variable values



 Iteration 0
 WSSR        : 0.00863661        delta(WSSR)/WSSR   : 0
 delta(WSSR) : 0                 limit for stopping : 1e-05
 lambda	  : 0.0122474

initial set of free parameter values

a               = 1

After 3 iterations the fit converged.
final sum of squares of residuals : 0.000157094
rel. change during last iteration : -5.97357e-06

degrees of freedom    (FIT_NDF)                        : 4
rms of residuals      (FIT_STDFIT) = sqrt(WSSR/ndf)    : 0.00626685
variance of residuals (reduced chisquare) = WSSR/ndf   : 3.92735e-05

Final set of parameters            Asymptotic Standard Error
=======================            ==========================

a               = 4.36244          +/- 0.2288       (5.246%)


correlation matrix of the fit parameters:

               a      
a               1.000 


*******************************************************************************
Fri Feb 10 12:52:26 2017


FIT:    data read from "p0.1_at0.1/plotfile_clean.dat" using 1:2
        format = x:z
        #datapoints = 5
        residuals are weighted equally (unit weight)

function used for fitting: g(x)
fitted parameters initialized with current variable values



 Iteration 0
 WSSR        : 0.0232309         delta(WSSR)/WSSR   : 0
 delta(WSSR) : 0                 limit for stopping : 1e-05
 lambda	  : 0.0122474

initial set of free parameter values

b               = 1

After 3 iterations the fit converged.
final sum of squares of residuals : 0.00110043
rel. change during last iteration : -2.22562e-06

degrees of freedom    (FIT_NDF)                        : 4
rms of residuals      (FIT_STDFIT) = sqrt(WSSR/ndf)    : 0.0165864
variance of residuals (reduced chisquare) = WSSR/ndf   : 0.000275107

Final set of parameters            Asymptotic Standard Error
=======================            ==========================

b               = 6.43207          +/- 0.6056       (9.416%)


correlation matrix of the fit parameters:

               b      
b               1.000 


*******************************************************************************
Fri Feb 10 13:14:53 2017


FIT:    data read from "p0.1_at0.05/plotfile_clean.dat" using 1:3
        format = x:z
        #datapoints = 5
        residuals are weighted equally (unit weight)

function used for fitting: f(x)
fitted parameters initialized with current variable values



 Iteration 0
 WSSR        : 2.724             delta(WSSR)/WSSR   : 0
 delta(WSSR) : 0                 limit for stopping : 1e-05
 lambda	  : 0.70716

initial set of free parameter values

a               = 1
b               = 1

After 5 iterations the fit converged.
final sum of squares of residuals : 0.00403631
rel. change during last iteration : -2.23923e-06

degrees of freedom    (FIT_NDF)                        : 3
rms of residuals      (FIT_STDFIT) = sqrt(WSSR/ndf)    : 0.0366802
variance of residuals (reduced chisquare) = WSSR/ndf   : 0.00134544

Final set of parameters            Asymptotic Standard Error
=======================            ==========================

a               = 19.9713          +/- 2.32         (11.62%)
b               = 0.0850304        +/- 0.02841      (33.41%)


correlation matrix of the fit parameters:

               a      b      
a               1.000 
b              -0.816  1.000 


*******************************************************************************
Fri Feb 10 13:15:10 2017


FIT:    data read from "p0.1_at0.05/plotfile_clean.dat" using 1:3
        format = x:z
        #datapoints = 5
        residuals are weighted equally (unit weight)

function used for fitting: f(x)
fitted parameters initialized with current variable values



 Iteration 0
 WSSR        : 0.00403631        delta(WSSR)/WSSR   : 0
 delta(WSSR) : 0                 limit for stopping : 1e-05
 lambda	  : 0.70716

initial set of free parameter values

a               = 19.9713
b               = 0.0850304

After 1 iterations the fit converged.
final sum of squares of residuals : 0.00403631
rel. change during last iteration : -2.1489e-16

degrees of freedom    (FIT_NDF)                        : 3
rms of residuals      (FIT_STDFIT) = sqrt(WSSR/ndf)    : 0.0366802
variance of residuals (reduced chisquare) = WSSR/ndf   : 0.00134544

Final set of parameters            Asymptotic Standard Error
=======================            ==========================

a               = 19.9713          +/- 2.32         (11.62%)
b               = 0.0850304        +/- 0.02841      (33.41%)


correlation matrix of the fit parameters:

               a      b      
a               1.000 
b              -0.816  1.000 
